2019-05-29 19:03:31,546 - INFO - create_presence-{'status': 'online', 'data': '29/05/2019', 'user': 'admin'}
2019-05-29 19:05:57,467 - INFO - create_presence-{'status': 'online', 'data': '29/05/2019', 'user': 'admin'}
2019-05-29 19:05:57,469 - INFO - create_presence-{'status': 'offlane', 'data': '29/05/2019', 'user': 'admin'}
2019-05-29 19:11:40,008 - INFO - create_presence-{'status': 'online', 'data': '29/05/2019', 'user': 'admin'}
2019-05-29 19:11:40,012 - INFO - create_presence-{'status': 'offlane', 'data': '29/05/2019', 'user': 'admin'}
2019-05-29 19:14:59,948 - INFO - create_presence-{'status': 'online', 'data': '29/05/2019', 'user': 'admin'}
2019-05-29 19:14:59,950 - INFO - create_presence-{'status': 'offlane', 'data': '29/05/2019', 'user': 'admin'}
2019-05-29 19:16:11,262 - INFO - Новый пользователь ruslan
2019-05-29 19:16:11,311 - INFO - create_presence-{'status': 'online', 'data': '29/05/2019', 'user': 'ruslan'}
2019-05-29 19:16:11,313 - INFO - create_presence-{'status': 'offlane', 'data': '29/05/2019', 'user': 'ruslan'}
2019-05-29 19:18:30,993 - INFO - create_presence-{'status': 'online', 'data': '29/05/2019', 'user': 'admin'}
2019-05-29 19:18:30,996 - INFO - create_presence-{'status': 'offlane', 'data': '29/05/2019', 'user': 'admin'}
2019-05-29 19:23:01,998 - INFO - Пользователь admin online
2019-05-29 19:23:59,540 - INFO - Пользователь admin online
2019-05-29 19:23:59,552 - INFO - create_presence-{'status': 'online', 'data': '29/05/2019', 'user': 'admin'}
2019-05-29 19:23:59,555 - INFO - create_presence-{'status': 'offlane', 'data': '29/05/2019', 'user': 'admin'}
2019-06-01 08:33:51,301 - INFO - Пользователь admin online
2019-06-01 08:38:36,709 - INFO - Пользователь admin online
2019-06-01 08:42:04,529 - INFO - Пользователь admin online
2019-06-01 08:42:59,504 - INFO - Пользователь admin online
2019-06-01 08:42:59,513 - INFO - create_presence-{'status': 'online', 'data': '01/06/2019', 'user': 'admin'}
2019-06-01 08:42:59,515 - INFO - create_presence-{'status': 'offlane', 'data': '01/06/2019', 'user': 'admin'}
2019-06-01 08:43:43,264 - INFO - Пользователь admin online
2019-06-01 08:43:43,272 - INFO - create_presence-{'status': 'online', 'data': '01/06/2019', 'user': 'admin'}
2019-06-01 08:43:43,273 - INFO - create_presence-{'status': 'offlane', 'data': '01/06/2019', 'user': 'admin'}
2019-06-01 14:55:16,582 - INFO - Пользователь admin online
2019-06-01 14:56:06,603 - INFO - Пользователь admin online
2019-06-01 15:06:06,013 - INFO - Пользователь admin online
2019-06-01 15:15:25,400 - INFO - Пользователь admin online
2019-06-01 15:17:36,754 - INFO - Пользователь admin online
2019-06-01 15:22:06,322 - INFO - Пользователь admin online
2019-06-01 15:23:56,938 - INFO - Пользователь admin online
2019-06-01 15:26:20,451 - INFO - Пользователь admin online
2019-06-01 15:26:20,451 - INFO - Пользователь admin online
2019-06-01 15:26:20,544 - INFO - create_presence-{'status': 'online', 'data': '01/06/2019', 'user': 'admin'}
2019-06-01 15:26:20,544 - INFO - create_presence-{'status': 'online', 'data': '01/06/2019', 'user': 'admin'}
2019-06-01 15:26:20,544 - INFO - create_presence-{'status': 'offlane', 'data': '01/06/2019', 'user': 'admin'}
2019-06-01 15:26:20,544 - INFO - create_presence-{'status': 'offlane', 'data': '01/06/2019', 'user': 'admin'}
2019-06-01 18:42:04,329 - INFO - Пользователь admin online
2019-06-01 18:45:09,732 - INFO - Пользователь admin online
2019-06-01 18:45:09,732 - INFO - Пользователь admin online
2019-06-01 18:45:09,952 - INFO - create_presence-{'status': 'online', 'data': '01/06/2019', 'user': 'admin'}
2019-06-01 18:45:09,952 - INFO - create_presence-{'status': 'online', 'data': '01/06/2019', 'user': 'admin'}
2019-06-01 18:45:09,956 - INFO - create_presence-{'status': 'offlane', 'data': '01/06/2019', 'user': 'admin'}
2019-06-01 18:45:09,956 - INFO - create_presence-{'status': 'offlane', 'data': '01/06/2019', 'user': 'admin'}
2019-06-01 19:05:47,412 - INFO - Пользователь admin online
2019-06-01 19:07:48,468 - INFO - Пользователь admin online
2019-06-01 19:13:57,982 - INFO - Пользователь admin online
2019-06-01 19:13:57,982 - INFO - Пользователь admin online
2019-06-01 19:13:58,024 - INFO - wrapper-{'status': 'online', 'data': '01/06/2019', 'user': 'admin'}
2019-06-01 19:13:58,024 - INFO - wrapper-{'status': 'online', 'data': '01/06/2019', 'user': 'admin'}
2019-06-01 19:13:58,029 - INFO - wrapper-{'status': 'offlane', 'data': '01/06/2019', 'user': 'admin'}
2019-06-01 19:13:58,029 - INFO - wrapper-{'status': 'offlane', 'data': '01/06/2019', 'user': 'admin'}
2019-06-01 19:28:07,320 - INFO - Пользователь admin online
2019-06-01 19:28:07,320 - INFO - Пользователь admin online
2019-06-01 19:28:07,330 - INFO - wrapper-{'status': 'online', 'data': '01/06/2019', 'user': 'admin'}
2019-06-01 19:28:07,330 - INFO - wrapper-{'status': 'online', 'data': '01/06/2019', 'user': 'admin'}
2019-06-01 19:28:07,334 - INFO - wrapper-{'status': 'offlane', 'data': '01/06/2019', 'user': 'admin'}
2019-06-01 19:28:07,334 - INFO - wrapper-{'status': 'offlane', 'data': '01/06/2019', 'user': 'admin'}
2019-06-03 05:20:20,770 - INFO - Пользователь admin online
2019-06-03 05:20:20,770 - INFO - Пользователь admin online
2019-06-03 05:20:20,800 - INFO - wrapper-{'status': 'online', 'data': '03/06/2019', 'user': 'admin'}
2019-06-03 05:20:20,800 - INFO - wrapper-{'status': 'online', 'data': '03/06/2019', 'user': 'admin'}
2019-06-03 05:20:20,803 - INFO - wrapper-{'status': 'offlane', 'data': '03/06/2019', 'user': 'admin'}
2019-06-03 05:20:20,803 - INFO - wrapper-{'status': 'offlane', 'data': '03/06/2019', 'user': 'admin'}
2019-06-06 09:16:53,944 - INFO - wrapper-{'status': 'online', 'data': '06/06/2019', 'user': 'name'}
2019-06-06 09:16:53,944 - INFO - wrapper-{'status': 'online', 'data': '06/06/2019', 'user': 'name'}
2019-06-06 09:17:28,353 - INFO - wrapper-{'status': 'online', 'data': '06/06/2019', 'user': 'name'}
2019-06-06 09:17:28,353 - INFO - wrapper-{'status': 'online', 'data': '06/06/2019', 'user': 'name'}
2019-06-06 09:17:28,363 - INFO - wrapper-{'status': 'offlane', 'data': '06/06/2019', 'user': 'name'}
2019-06-06 09:17:28,363 - INFO - wrapper-{'status': 'offlane', 'data': '06/06/2019', 'user': 'name'}
2019-06-06 20:52:15,800 - INFO - Пользователь admin online
2019-06-06 20:53:55,097 - INFO - wrapper-{'status': 'online', 'data': '06/06/2019', 'user': 'name'}
2019-06-06 20:53:55,128 - INFO - wrapper-{'status': 'offlane', 'data': '06/06/2019', 'user': 'name'}
2019-06-06 20:54:15,234 - INFO - wrapper-{'status': 'online', 'data': '06/06/2019', 'user': 'name'}
2019-06-06 20:54:15,241 - INFO - wrapper-{'status': 'offlane', 'data': '06/06/2019', 'user': 'name'}
2019-06-07 15:46:44,446 - INFO - wrapper-{'status': 'online', 'data': '07/06/2019', 'user': 'Guest'}
2019-06-07 15:46:44,446 - INFO - wrapper-{'status': 'offlane', 'data': '07/06/2019', 'user': 'Guest'}
2019-06-07 16:59:43,019 - INFO - wrapper-{'status': 'online', 'data': '07/06/2019', 'user': 'Guest'}
2019-06-07 16:59:43,029 - INFO - wrapper-{'status': 'online', 'data': '07/06/2019', 'user': 'Guest'}
2019-06-07 17:02:20,574 - INFO - wrapper-{'status': 'online', 'data': '07/06/2019', 'user': 'Guest'}
2019-06-07 17:02:20,593 - INFO - wrapper-{'status': 'online', 'data': '07/06/2019', 'user': 'Guest'}
2019-06-07 17:05:32,975 - INFO - wrapper-{'status': 'online', 'data': '07/06/2019', 'user': 'Guest'}
2019-06-07 17:05:32,981 - INFO - wrapper-{'status': 'online', 'data': '07/06/2019', 'user': 'Guest'}
2019-06-07 17:11:21,299 - INFO - wrapper-{'status': 'online', 'data': '07/06/2019', 'user': 'Guest'}
2019-06-07 17:11:21,307 - INFO - wrapper-{'status': 'online', 'data': '07/06/2019', 'user': 'Guest'}
2019-06-07 17:14:33,253 - INFO - wrapper-{'status': 'online', 'data': '07/06/2019', 'user': 'Guest'}
2019-06-07 17:14:33,253 - INFO - wrapper-{'status': 'online', 'data': '07/06/2019', 'user': 'Guest'}
2019-06-07 17:18:30,445 - INFO - wrapper-{'status': 'online', 'data': '07/06/2019', 'user': 'Guest'}
2019-06-07 17:18:30,464 - INFO - wrapper-{'status': 'online', 'data': '07/06/2019', 'user': 'Guest'}
2019-06-07 17:21:23,165 - INFO - wrapper-{'status': 'online', 'data': '07/06/2019', 'user': 'Guest'}
2019-06-07 17:21:23,175 - INFO - wrapper-{'status': 'online', 'data': '07/06/2019', 'user': 'Guest'}
2019-06-07 17:22:11,863 - INFO - wrapper-{'status': 'online', 'data': '07/06/2019', 'user': 'Guest'}
2019-06-07 17:23:40,821 - INFO - wrapper-{'status': 'online', 'data': '07/06/2019', 'user': 'Guest'}
2019-06-07 17:23:40,839 - INFO - wrapper-{'status': 'online', 'data': '07/06/2019', 'user': 'Guest'}
2019-06-07 17:24:22,191 - INFO - wrapper-{'status': 'online', 'data': '07/06/2019', 'user': 'Guest'}
2019-06-07 17:24:22,218 - INFO - wrapper-{'status': 'online', 'data': '07/06/2019', 'user': 'Guest'}
2019-06-09 10:31:02,714 - INFO - wrapper-{'status': 'online', 'data': '09/06/2019', 'user': 'Guest'}
2019-06-09 10:31:02,722 - INFO - wrapper-{'status': 'online', 'data': '09/06/2019', 'user': 'Guest'}
2019-06-09 10:31:33,145 - INFO - wrapper-{'status': 'online', 'data': '09/06/2019', 'user': 'Guest'}
2019-06-09 10:31:33,166 - INFO - wrapper-{'status': 'online', 'data': '09/06/2019', 'user': 'Guest'}
2019-06-09 10:35:04,146 - INFO - wrapper-{'status': 'online', 'data': '09/06/2019', 'user': 'Guest'}
2019-06-09 10:35:04,160 - INFO - wrapper-{'status': 'online', 'data': '09/06/2019', 'user': 'Guest'}
2019-06-09 10:38:37,782 - INFO - wrapper-{'status': 'online', 'data': '09/06/2019', 'user': 'Guest'}
2019-06-09 10:38:37,788 - INFO - wrapper-{'status': 'online', 'data': '09/06/2019', 'user': 'Guest'}
2019-06-09 10:51:02,799 - INFO - wrapper-{'status': 'online', 'data': '09/06/2019', 'user': 'Guest'}
2019-06-09 10:51:02,802 - INFO - wrapper-{'status': 'online', 'data': '09/06/2019', 'user': 'Guest'}
2019-06-09 10:51:57,296 - INFO - wrapper-{'status': 'online', 'data': '09/06/2019', 'user': 'Guest'}
2019-06-09 10:51:57,296 - INFO - wrapper-{'status': 'online', 'data': '09/06/2019', 'user': 'Guest'}
2019-06-09 10:52:40,025 - INFO - wrapper-{'status': 'online', 'data': '09/06/2019', 'user': 'Guest'}
2019-06-09 10:52:40,034 - INFO - wrapper-{'status': 'online', 'data': '09/06/2019', 'user': 'Guest'}
2019-06-09 10:53:22,686 - INFO - wrapper-{'status': 'online', 'data': '09/06/2019', 'user': 'Guest'}
2019-06-09 10:53:22,694 - INFO - wrapper-{'status': 'online', 'data': '09/06/2019', 'user': 'Guest'}
2019-06-09 10:54:31,372 - INFO - wrapper-{'status': 'online', 'data': '09/06/2019', 'user': 'Guest'}
2019-06-09 10:54:31,429 - INFO - wrapper-{'status': 'online', 'data': '09/06/2019', 'user': 'Guest'}
2019-06-09 11:07:33,372 - INFO - wrapper-{'status': 'online', 'data': '09/06/2019', 'user': 'User1'}
2019-06-09 11:07:33,395 - INFO - wrapper-{'status': 'online', 'data': '09/06/2019', 'user': 'User0'}
2019-06-09 11:12:28,086 - INFO - wrapper-{'status': 'online', 'data': '09/06/2019', 'user': 'User0'}
2019-06-09 11:12:28,105 - INFO - wrapper-{'status': 'online', 'data': '09/06/2019', 'user': 'User1'}
2019-06-09 11:13:27,281 - INFO - wrapper-{'status': 'online', 'data': '09/06/2019', 'user': 'User0'}
2019-06-09 11:13:27,295 - INFO - wrapper-{'status': 'online', 'data': '09/06/2019', 'user': 'User1'}
2019-06-09 11:22:55,455 - INFO - wrapper-{'status': 'online', 'data': '09/06/2019', 'user': 'User0'}
2019-06-09 11:22:55,575 - INFO - wrapper-{'status': 'online', 'data': '09/06/2019', 'user': 'User1'}
2019-06-09 11:34:04,353 - INFO - wrapper-{'status': 'online', 'data': '09/06/2019', 'user': 'User0'}
2019-06-09 11:34:04,366 - INFO - wrapper-{'status': 'online', 'data': '09/06/2019', 'user': 'User1'}
2019-06-09 11:39:11,245 - INFO - wrapper-{'status': 'online', 'data': '09/06/2019', 'user': 'User0'}
2019-06-09 11:39:11,268 - INFO - wrapper-{'status': 'online', 'data': '09/06/2019', 'user': 'User1'}
2019-06-09 11:54:15,379 - INFO - wrapper-{'status': 'online', 'data': '09/06/2019', 'user': 'User0'}
2019-06-09 11:54:15,411 - INFO - wrapper-{'status': 'online', 'data': '09/06/2019', 'user': 'User1'}
2019-06-09 11:57:59,237 - INFO - wrapper-{'status': 'online', 'data': '09/06/2019', 'user': 'User1'}
2019-06-09 11:57:59,246 - INFO - wrapper-{'status': 'online', 'data': '09/06/2019', 'user': 'User0'}
2019-06-09 12:05:14,704 - INFO - wrapper-{'status': 'online', 'data': '09/06/2019', 'user': 'User1'}
2019-06-09 12:10:56,552 - INFO - wrapper-{'status': 'online', 'data': '09/06/2019', 'user': 'User0'}
2019-06-09 12:10:56,563 - INFO - wrapper-{'status': 'online', 'data': '09/06/2019', 'user': 'User1'}
2019-06-09 12:13:23,450 - INFO - wrapper-{'status': 'online', 'data': '09/06/2019', 'user': 'User1'}
2019-06-09 12:13:23,450 - INFO - wrapper-{'status': 'online', 'data': '09/06/2019', 'user': 'User0'}
2019-06-09 12:17:54,822 - INFO - wrapper-{'status': 'online', 'data': '09/06/2019', 'user': 'User1'}
2019-06-09 12:17:54,835 - INFO - wrapper-{'status': 'online', 'data': '09/06/2019', 'user': 'User0'}
2019-06-09 12:19:41,131 - INFO - wrapper-{'status': 'online', 'data': '09/06/2019', 'user': 'User0'}
2019-06-09 12:19:41,133 - INFO - wrapper-{'status': 'online', 'data': '09/06/2019', 'user': 'User1'}
2019-06-09 12:22:41,044 - INFO - wrapper-{'status': 'online', 'data': '09/06/2019', 'user': 'User0'}
2019-06-09 12:22:41,075 - INFO - wrapper-{'status': 'online', 'data': '09/06/2019', 'user': 'User1'}
2019-06-09 12:23:57,695 - INFO - wrapper-{'status': 'online', 'data': '09/06/2019', 'user': 'User1'}
2019-06-09 12:23:57,696 - INFO - wrapper-{'status': 'online', 'data': '09/06/2019', 'user': 'User0'}
2019-06-10 20:06:08,986 - INFO - wrapper-{'status': 'online', 'data': '10/06/2019', 'user': 'User1'}
2019-06-10 20:06:09,011 - INFO - wrapper-{'status': 'online', 'data': '10/06/2019', 'user': 'User0'}
